<?xml version="1.0" encoding="UTF-8"?>
<testsuite name="com.dbs.BuyMeButtonTests" tests="1" skipped="0" failures="0" errors="0" timestamp="2020-05-06T18:48:03" hostname="ATL42BTH111121.attlocal.net" time="0.007">
  <properties/>
  <testcase name="newButtonShouldBeDisabled()" classname="com.dbs.BuyMeButtonTests" time="0.007"/>
  <system-out><![CDATA[]]></system-out>
  <system-err><![CDATA[]]></system-err>
</testsuite>
