<?xml version="1.0" encoding="UTF-8"?>
<testsuite name="com.dbs.BuyMeButtonTests$EnableAndDisabledButtonTests" tests="2" skipped="0" failures="0" errors="0" timestamp="2020-05-06T18:48:03" hostname="ATL42BTH111121.attlocal.net" time="0.001">
  <properties/>
  <testcase name="testingEnabledBehavior()" classname="com.dbs.BuyMeButtonTests$EnableAndDisabledButtonTests" time="0.001"/>
  <testcase name="pushingTheButtonWhenItsDisabledDoesNothing()" classname="com.dbs.BuyMeButtonTests$EnableAndDisabledButtonTests" time="0.0"/>
  <system-out><![CDATA[]]></system-out>
  <system-err><![CDATA[]]></system-err>
</testsuite>
