<?xml version="1.0" encoding="UTF-8"?>
<testsuite name="com.dbs.VendingMachingBaseSpec" tests="1" skipped="0" failures="0" errors="0" timestamp="2020-05-06T18:48:02" hostname="ATL42BTH111121.attlocal.net" time="0.003">
  <properties/>
  <testcase name="The message returned by the display should be the same as the message sent to the dislpay" classname="com.dbs.VendingMachingBaseSpec" time="0.003"/>
  <system-out><![CDATA[]]></system-out>
  <system-err><![CDATA[]]></system-err>
</testsuite>
