<?xml version="1.0" encoding="UTF-8"?>
<testsuite name="com.dbs.VendingMachineSpec" tests="3" skipped="0" failures="0" errors="0" timestamp="2020-05-06T18:48:02" hostname="ATL42BTH111121.attlocal.net" time="0.006">
  <properties/>
  <testcase name="When the user inserts a nickel the current amount of money should increase by five cents" classname="com.dbs.VendingMachineSpec" time="0.003"/>
  <testcase name="When the user inserts a dime the current amount of money should increase by ten cents" classname="com.dbs.VendingMachineSpec" time="0.002"/>
  <testcase name="When the user presses the 'Coin Return' button then return the money they inserted" classname="com.dbs.VendingMachineSpec" time="0.001"/>
  <system-out><![CDATA[]]></system-out>
  <system-err><![CDATA[]]></system-err>
</testsuite>
